2025-12-09 23:03:03,825 - INFO - 程序启动
2025-12-09 23:03:04,371 - WARNING - 设置图标失败: bitmap "aggregate_icon.ico" not defined
2025-12-09 23:05:03,755 - INFO - 程序启动
2025-12-09 23:05:03,800 - WARNING - 设置图标失败: bitmap "aggregate_icon.ico" not defined
2025-12-09 23:05:03,934 - INFO - 界面初始化完成
2025-12-09 23:05:10,366 - INFO - 成功连接AutoCAD (主线程)
2025-12-09 23:05:10,367 - INFO - 生成器初始化成功
2025-12-09 23:05:10,367 - INFO - GroupManager: 已设置 1 个组
2025-12-09 23:05:10,367 - INFO - 设置 1 个粒径组
2025-12-09 23:05:10,367 - INFO - 开始生成骨料 (多组)
2025-12-09 23:05:10,367 - INFO - 生成线程已启动
2025-12-09 23:05:10,368 - INFO - 子线程COM已初始化
2025-12-09 23:05:10,368 - INFO - 创建边界点: [0.0, 0.0, 0.0, 100.0, 0.0, 0.0, 100.0, 100.0, 0.0, 0.0, 100.0, 0.0, 0.0, 0.0, 0.0]
2025-12-09 23:05:10,368 - INFO - 边界创建请求已放入队列
2025-12-09 23:05:10,368 - INFO - 初始化网格: 3行 x 3列
2025-12-09 23:05:10,368 - INFO - Group 1: Target Area 2000.00
2025-12-09 23:05:10,374 - INFO - 边界创建成功
2025-12-09 23:06:47,041 - INFO - 程序启动
2025-12-09 23:06:47,084 - WARNING - 设置图标失败: bitmap "aggregate_icon.ico" not defined
2025-12-09 23:06:47,128 - INFO - 界面初始化完成
2025-12-09 23:06:57,951 - INFO - 成功连接AutoCAD (主线程)
2025-12-09 23:06:57,951 - INFO - 生成器初始化成功
2025-12-09 23:06:57,952 - INFO - GroupManager: 已设置 1 个组
2025-12-09 23:06:57,952 - INFO - 设置 1 个粒径组
2025-12-09 23:06:57,952 - INFO - 开始生成骨料 (多组)
2025-12-09 23:06:57,952 - INFO - 生成线程已启动
2025-12-09 23:06:57,952 - INFO - 子线程COM已初始化
2025-12-09 23:06:57,953 - INFO - 创建边界点: [0.0, 0.0, 0.0, 100.0, 0.0, 0.0, 100.0, 100.0, 0.0, 0.0, 100.0, 0.0, 0.0, 0.0, 0.0]
2025-12-09 23:06:57,953 - INFO - 边界创建请求已放入队列
2025-12-09 23:06:57,953 - INFO - 初始化网格: 3行 x 3列
2025-12-09 23:06:57,953 - INFO - Group 1: Target Area 2000.00
2025-12-09 23:06:58,011 - INFO - 边界创建成功
2025-12-09 23:08:56,326 - INFO - 生成过程已被用户取消
2025-12-09 23:08:56,326 - INFO - 子线程COM资源已清理
2025-12-09 23:08:56,327 - INFO - 生成完成，耗时: 118.37秒
2025-12-09 23:08:56,327 - INFO - 生成完成，共生成 30 个骨料
2025-12-09 23:08:56,330 - INFO - 用户取消生成过程
2025-12-09 23:08:56,330 - INFO - 已发送取消生成请求
2025-12-09 23:08:56,372 - INFO - 信息更新: 生成过程已被用户取消
2025-12-09 23:08:58,544 - INFO - GroupManager: 已重置所有组的统计数据
2025-12-09 23:08:58,544 - INFO - 已删除31个骨料
2025-12-09 23:09:47,906 - INFO - GroupManager: 已重置所有组的统计数据
2025-12-09 23:09:47,907 - INFO - 已删除0个骨料
2025-12-09 23:09:47,936 - INFO - 程序已关闭
2025-12-09 23:09:47,937 - INFO - 程序退出
2025-12-09 23:20:24,013 - INFO - 程序启动
2025-12-09 23:20:24,060 - WARNING - 设置图标失败: bitmap "aggregate_icon.ico" not defined
2025-12-09 23:20:24,102 - INFO - 界面初始化完成
2025-12-09 23:20:32,114 - INFO - 成功连接AutoCAD (主线程)
2025-12-09 23:20:32,115 - INFO - 生成器初始化成功
2025-12-09 23:20:32,115 - INFO - GroupManager: 已设置 1 个组
2025-12-09 23:20:32,115 - INFO - 设置 1 个粒径组
2025-12-09 23:20:32,115 - INFO - 开始生成骨料 (多组)
2025-12-09 23:20:32,115 - INFO - 生成线程已启动
2025-12-09 23:20:32,115 - INFO - 子线程COM已初始化
2025-12-09 23:20:32,116 - INFO - 创建边界点: [0.0, 0.0, 0.0, 100.0, 0.0, 0.0, 100.0, 100.0, 0.0, 0.0, 100.0, 0.0, 0.0, 0.0, 0.0]
2025-12-09 23:20:32,116 - INFO - 边界创建请求已放入队列
2025-12-09 23:20:32,116 - INFO - Group 1: Target Area 2000.00
2025-12-09 23:20:32,116 - INFO - 创建线程池，最大工作线程数: 4
2025-12-09 23:20:32,224 - INFO - 边界创建成功
